<?xml version="1.0" encoding="UTF-8"?>
<!-- Generated by org.testng.reporters.JUnitReportReporter -->
<testsuite hostname="DESKTOP-ID87R3Q" failures="0" tests="1" name="Basic.OrganizationTest" time="9.178" errors="0" timestamp="2024-03-15T12:51:27 IST" skipped="0">
  <testcase classname="Basic.OrganizationTest" name="createOrganizationsTest" time="9.178"/>
  <system-out/>
</testsuite> <!-- Basic.OrganizationTest -->
